2024-05-02 22:40:31,503 - asyncio - DEBUG - Using proactor: IocpProactor
2024-05-02 22:40:32,416 - PIL.PngImagePlugin - DEBUG - STREAM b'IHDR' 16 13
2024-05-02 22:40:32,416 - PIL.PngImagePlugin - DEBUG - STREAM b'sRGB' 41 1
2024-05-02 22:40:32,417 - PIL.PngImagePlugin - DEBUG - STREAM b'sBIT' 54 4
2024-05-02 22:40:32,417 - PIL.PngImagePlugin - DEBUG - b'sBIT' 54 4 (unknown)
2024-05-02 22:40:32,417 - PIL.PngImagePlugin - DEBUG - STREAM b'pHYs' 70 9
2024-05-02 22:40:32,417 - PIL.PngImagePlugin - DEBUG - STREAM b'iTXt' 91 1127
2024-05-02 22:40:32,417 - PIL.PngImagePlugin - DEBUG - STREAM b'IDAT' 1230 8192
2024-05-02 22:40:32,448 - PIL.PngImagePlugin - DEBUG - STREAM b'IHDR' 16 13
2024-05-02 22:40:32,448 - PIL.PngImagePlugin - DEBUG - STREAM b'pHYs' 41 9
2024-05-02 22:40:32,448 - PIL.PngImagePlugin - DEBUG - STREAM b'iTXt' 62 850
2024-05-02 22:40:32,449 - PIL.PngImagePlugin - DEBUG - STREAM b'IDAT' 924 8192
2024-05-02 22:40:32,458 - PIL.PngImagePlugin - DEBUG - STREAM b'IHDR' 16 13
2024-05-02 22:40:32,458 - PIL.PngImagePlugin - DEBUG - STREAM b'pHYs' 41 9
2024-05-02 22:40:32,458 - PIL.PngImagePlugin - DEBUG - STREAM b'tEXt' 62 25
2024-05-02 22:40:32,458 - PIL.PngImagePlugin - DEBUG - STREAM b'IDAT' 99 8192
2024-05-02 22:40:32,474 - PIL.PngImagePlugin - DEBUG - STREAM b'IHDR' 16 13
2024-05-02 22:40:32,474 - PIL.PngImagePlugin - DEBUG - STREAM b'sRGB' 41 1
2024-05-02 22:40:32,474 - PIL.PngImagePlugin - DEBUG - STREAM b'sBIT' 54 4
2024-05-02 22:40:32,474 - PIL.PngImagePlugin - DEBUG - b'sBIT' 54 4 (unknown)
2024-05-02 22:40:32,474 - PIL.PngImagePlugin - DEBUG - STREAM b'pHYs' 70 9
2024-05-02 22:40:32,474 - PIL.PngImagePlugin - DEBUG - STREAM b'iTXt' 91 855
2024-05-02 22:40:32,474 - PIL.PngImagePlugin - DEBUG - STREAM b'IDAT' 958 1369
2024-05-02 22:40:32,475 - PIL.PngImagePlugin - DEBUG - STREAM b'IHDR' 16 13
2024-05-02 22:40:32,475 - PIL.PngImagePlugin - DEBUG - STREAM b'pHYs' 41 9
2024-05-02 22:40:32,475 - PIL.PngImagePlugin - DEBUG - STREAM b'iTXt' 62 850
2024-05-02 22:40:32,475 - PIL.PngImagePlugin - DEBUG - STREAM b'IDAT' 924 8192
